guiaComercialHuejutla/build/outputs/apk/manifest-merger-debug-report.txt
-- Merging decision tree log ---
manifest
ADDED from AndroidManifest.xml:2:1
	package
		ADDED from AndroidManifest.xml:3:5
		INJECTED from AndroidManifest.xml:0:0
		INJECTED from AndroidManifest.xml:0:0
	android:versionName
		ADDED from AndroidManifest.xml:5:5
	android:versionCode
		ADDED from AndroidManifest.xml:4:5
		INJECTED from AndroidManifest.xml:0:0
		INJECTED from AndroidManifest.xml:0:0
	xmlns:android
		ADDED from AndroidManifest.xml:2:11
uses-sdk
ADDED from AndroidManifest.xml:7:5
MERGED from MovilHuejutla:volleyLibrary:unspecified:7:5
MERGED from MovilHuejutla:headerStickyLibrary:unspecified:7:5
MERGED from MovilHuejutla:alertdialog:unspecified:7:5
MERGED from MovilHuejutla:materialishprogress:unspecified:5:5
MERGED from MovilHuejutla:materialishprogress:unspecified:5:5
MERGED from MovilHuejutla:smoothprogressbar:unspecified:6:5
MERGED from MovilHuejutla:loadIndicator:unspecified:5:5
MERGED from com.android.support:appcompat-v7:21.0.3:15:5
MERGED from com.android.support:support-v4:21.0.3:15:5
MERGED from MovilHuejutla:materialList:unspecified:5:5
MERGED from com.android.support:appcompat-v7:21.0.3:15:5
MERGED from com.android.support:support-v4:21.0.3:15:5
MERGED from com.android.support:cardview-v7:21.0.0:15:5
MERGED from com.android.support:recyclerview-v7:21.0.0:15:5
MERGED from com.android.support:support-v4:21.0.3:15:5
MERGED from MovilHuejutla:lib-manipulation:unspecified:20:5
MERGED from MovilHuejutla:lib-core:unspecified:20:5
MERGED from MovilHuejutla:lib-core:unspecified:20:5
MERGED from MovilHuejutla:lib-core:unspecified:20:5
MERGED from MovilHuejutla:lib-core-slh:unspecified:20:5
MERGED from MovilHuejutla:lib-core:unspecified:20:5
MERGED from MovilHuejutla:headerStickyLibrary:unspecified:7:5
MERGED from MovilHuejutla:lib-manipulation:unspecified:20:5
MERGED from MovilHuejutla:lib-core:unspecified:20:5
MERGED from MovilHuejutla:SwipyRefreshLayout:unspecified:5:5
MERGED from com.android.support:appcompat-v7:21.0.3:15:5
MERGED from com.android.support:support-v4:21.0.3:15:5
MERGED from MovilHuejutla:FloatingActionButton:unspecified:23:5
MERGED from MovilHuejutla:NumberProgressBar:unspecified:5:5
MERGED from com.android.support:appcompat-v7:21.0.3:15:5
MERGED from com.android.support:support-v4:21.0.3:15:5
MERGED from MovilHuejutla:circleimageview:unspecified:5:5
MERGED from MovilHuejutla:materialdialog:unspecified:6:5
MERGED from com.android.support:support-v4:21.0.3:15:5
MERGED from com.android.support:appcompat-v7:21.0.3:15:5
MERGED from com.android.support:support-v4:21.0.3:15:5
MERGED from com.google.android.gms:play-services:6.5.87:18:5
MERGED from com.android.support:support-v4:21.0.3:15:5
	android:targetSdkVersion
		ADDED from AndroidManifest.xml:9:9
		INJECTED from AndroidManifest.xml:0:0
		INJECTED from AndroidManifest.xml:0:0
	android:minSdkVersion
		ADDED from AndroidManifest.xml:8:9
		INJECTED from AndroidManifest.xml:0:0
		INJECTED from AndroidManifest.xml:0:0
permission#com.movilhuejutla.permission.MAPS_RECEIVE
ADDED from AndroidManifest.xml:11:5
	android:protectionLevel
		ADDED from AndroidManifest.xml:13:9
	android:name
		ADDED from AndroidManifest.xml:12:9
uses-permission#android.permission.CAMERA
ADDED from AndroidManifest.xml:15:5
	android:name
		ADDED from AndroidManifest.xml:15:22
uses-feature#android.hardware.camera
ADDED from AndroidManifest.xml:16:5
	android:name
		ADDED from AndroidManifest.xml:16:19
uses-feature#android.hardware.camera.autofocus
ADDED from AndroidManifest.xml:17:5
	android:name
		ADDED from AndroidManifest.xml:17:19
uses-permission#com.movilhuejutla.permission.MAPS_RECEIVE
ADDED from AndroidManifest.xml:18:5
	android:name
		ADDED from AndroidManifest.xml:18:22
uses-permission#android.permission.INTERNET
ADDED from AndroidManifest.xml:19:5
	android:name
		ADDED from AndroidManifest.xml:19:22
uses-permission#com.google.android.providers.gsf.permission.READ_GSERVICES
ADDED from AndroidManifest.xml:20:5
	android:name
		ADDED from AndroidManifest.xml:20:22
uses-permission#android.permission.ACCESS_NETWORK_STATE
ADDED from AndroidManifest.xml:21:5
	android:name
		ADDED from AndroidManifest.xml:21:22
uses-permission#android.permission.WRITE_EXTERNAL_STORAGE
ADDED from AndroidManifest.xml:22:5
	android:name
		ADDED from AndroidManifest.xml:22:22
uses-permission#android.permission.ACCESS_COARSE_LOCATION
ADDED from AndroidManifest.xml:23:5
	android:name
		ADDED from AndroidManifest.xml:23:22
uses-permission#android.permission.ACCESS_FINE_LOCATION
ADDED from AndroidManifest.xml:24:5
	android:name
		ADDED from AndroidManifest.xml:24:22
uses-permission#android.permission.WAKE_LOCK
ADDED from AndroidManifest.xml:25:5
	android:name
		ADDED from AndroidManifest.xml:25:22
uses-permission#android.permission.VIBRATE
ADDED from AndroidManifest.xml:26:5
	android:name
		ADDED from AndroidManifest.xml:26:22
uses-permission#android.permission.RECEIVE_BOOT_COMPLETED
ADDED from AndroidManifest.xml:27:5
	android:name
		ADDED from AndroidManifest.xml:27:22
uses-permission#android.permission.GET_ACCOUNTS
ADDED from AndroidManifest.xml:28:5
	android:name
		ADDED from AndroidManifest.xml:28:22
uses-permission#com.google.android.c2dm.permission.RECEIVE
ADDED from AndroidManifest.xml:29:5
	android:name
		ADDED from AndroidManifest.xml:29:22
permission#com.movilhuejutla.permission.C2D_MESSAGE
ADDED from AndroidManifest.xml:35:5
	android:protectionLevel
		ADDED from AndroidManifest.xml:37:9
	android:name
		ADDED from AndroidManifest.xml:36:9
uses-permission#com.movilhuejutla.permission.C2D_MESSAGE
ADDED from AndroidManifest.xml:39:5
	android:name
		ADDED from AndroidManifest.xml:39:22
uses-feature#0x00020000
ADDED from AndroidManifest.xml:41:5
	android:glEsVersion
		ADDED from AndroidManifest.xml:42:9
	android:required
		ADDED from AndroidManifest.xml:43:9
android:uses-permission#android.permission.READ_PHONE_STATE
ADDED from AndroidManifest.xml:45:5
	android:name
		ADDED from AndroidManifest.xml:45:30
android:uses-permission#android.permission.READ_EXTERNAL_STORAGE
ADDED from AndroidManifest.xml:46:5
	android:maxSdkVersion
		ADDED from AndroidManifest.xml:48:9
	android:name
		ADDED from AndroidManifest.xml:47:9
application
ADDED from AndroidManifest.xml:50:5
MERGED from MovilHuejutla:volleyLibrary:unspecified:11:5
MERGED from MovilHuejutla:alertdialog:unspecified:11:5
MERGED from MovilHuejutla:materialishprogress:unspecified:9:5
MERGED from MovilHuejutla:materialishprogress:unspecified:9:5
MERGED from MovilHuejutla:smoothprogressbar:unspecified:10:5
MERGED from MovilHuejutla:loadIndicator:unspecified:9:5
MERGED from com.android.support:appcompat-v7:21.0.3:16:5
MERGED from com.android.support:support-v4:21.0.3:16:5
MERGED from MovilHuejutla:materialList:unspecified:9:5
MERGED from com.android.support:appcompat-v7:21.0.3:16:5
MERGED from com.android.support:support-v4:21.0.3:16:5
MERGED from com.android.support:cardview-v7:21.0.0:16:5
MERGED from com.android.support:recyclerview-v7:21.0.0:17:5
MERGED from com.android.support:support-v4:21.0.3:16:5
MERGED from MovilHuejutla:lib-manipulation:unspecified:24:5
MERGED from MovilHuejutla:lib-core:unspecified:24:5
MERGED from MovilHuejutla:lib-core:unspecified:24:5
MERGED from MovilHuejutla:lib-core:unspecified:24:5
MERGED from MovilHuejutla:lib-core-slh:unspecified:24:5
MERGED from MovilHuejutla:lib-core:unspecified:24:5
MERGED from MovilHuejutla:lib-manipulation:unspecified:24:5
MERGED from MovilHuejutla:lib-core:unspecified:24:5
MERGED from MovilHuejutla:SwipyRefreshLayout:unspecified:9:5
MERGED from com.android.support:appcompat-v7:21.0.3:16:5
MERGED from com.android.support:support-v4:21.0.3:16:5
MERGED from com.android.support:appcompat-v7:21.0.3:16:5
MERGED from com.android.support:support-v4:21.0.3:16:5
MERGED from MovilHuejutla:circleimageview:unspecified:9:5
MERGED from com.android.support:support-v4:21.0.3:16:5
MERGED from com.android.support:appcompat-v7:21.0.3:16:5
MERGED from com.android.support:support-v4:21.0.3:16:5
MERGED from com.google.android.gms:play-services:6.5.87:20:5
MERGED from com.android.support:support-v4:21.0.3:16:5
	android:label
		ADDED from AndroidManifest.xml:54:9
	android:allowBackup
		ADDED from AndroidManifest.xml:52:9
	android:icon
		ADDED from AndroidManifest.xml:53:9
	android:name
		ADDED from AndroidManifest.xml:51:9
activity#com.movilhuejutla.ActivitySplash
ADDED from AndroidManifest.xml:55:9
	android:screenOrientation
		ADDED from AndroidManifest.xml:57:13
	android:theme
		ADDED from AndroidManifest.xml:58:13
	android:name
		ADDED from AndroidManifest.xml:56:13
activity#com.movilhuejutla.ActivityCategorias
ADDED from AndroidManifest.xml:67:9
	android:screenOrientation
		ADDED from AndroidManifest.xml:70:13
	android:parentActivityName
		ADDED from AndroidManifest.xml:69:13
	android:theme
		ADDED from AndroidManifest.xml:71:13
	android:name
		ADDED from AndroidManifest.xml:68:13
activity#com.movilhuejutla.ActivityBuscar
ADDED from AndroidManifest.xml:73:9
	android:screenOrientation
		ADDED from AndroidManifest.xml:76:13
	android:parentActivityName
		ADDED from AndroidManifest.xml:75:13
	android:theme
		ADDED from AndroidManifest.xml:77:13
	android:name
		ADDED from AndroidManifest.xml:74:13
activity#com.movilhuejutla.ActivityNegocio
ADDED from AndroidManifest.xml:79:9
	android:screenOrientation
		ADDED from AndroidManifest.xml:82:13
	android:parentActivityName
		ADDED from AndroidManifest.xml:81:13
	android:theme
		ADDED from AndroidManifest.xml:83:13
	android:name
		ADDED from AndroidManifest.xml:80:13
activity#com.movilhuejutla.ActivityMostrarMapa
ADDED from AndroidManifest.xml:85:9
	android:screenOrientation
		ADDED from AndroidManifest.xml:88:13
	android:parentActivityName
		ADDED from AndroidManifest.xml:87:13
	android:theme
		ADDED from AndroidManifest.xml:89:13
	android:name
		ADDED from AndroidManifest.xml:86:13
activity#com.movilhuejutla.ActivityDescripcionNegocio
ADDED from AndroidManifest.xml:91:9
	android:screenOrientation
		ADDED from AndroidManifest.xml:94:13
	android:parentActivityName
		ADDED from AndroidManifest.xml:93:13
	android:theme
		ADDED from AndroidManifest.xml:95:13
	android:name
		ADDED from AndroidManifest.xml:92:13
activity#com.movilhuejutla.ActivityMostrarAnuncios
ADDED from AndroidManifest.xml:97:9
	android:screenOrientation
		ADDED from AndroidManifest.xml:100:13
	android:parentActivityName
		ADDED from AndroidManifest.xml:99:13
	android:theme
		ADDED from AndroidManifest.xml:101:13
	android:name
		ADDED from AndroidManifest.xml:98:13
activity#com.movilhuejutla.ActivityFavoritos
ADDED from AndroidManifest.xml:103:9
	android:screenOrientation
		ADDED from AndroidManifest.xml:106:13
	android:parentActivityName
		ADDED from AndroidManifest.xml:105:13
	android:theme
		ADDED from AndroidManifest.xml:107:13
	android:name
		ADDED from AndroidManifest.xml:104:13
activity#com.movilhuejutla.ActivityContacto
ADDED from AndroidManifest.xml:109:9
	android:screenOrientation
		ADDED from AndroidManifest.xml:112:13
	android:parentActivityName
		ADDED from AndroidManifest.xml:111:13
	android:theme
		ADDED from AndroidManifest.xml:113:13
	android:name
		ADDED from AndroidManifest.xml:110:13
activity#com.movilhuejutla.ActivityMisNotificaciones
ADDED from AndroidManifest.xml:115:9
	android:screenOrientation
		ADDED from AndroidManifest.xml:118:13
	android:parentActivityName
		ADDED from AndroidManifest.xml:117:13
	android:theme
		ADDED from AndroidManifest.xml:119:13
	android:name
		ADDED from AndroidManifest.xml:116:13
activity#com.movilhuejutla.ActivityNumerosEmergencia
ADDED from AndroidManifest.xml:121:9
	android:screenOrientation
		ADDED from AndroidManifest.xml:124:13
	android:parentActivityName
		ADDED from AndroidManifest.xml:123:13
	android:theme
		ADDED from AndroidManifest.xml:125:13
	android:name
		ADDED from AndroidManifest.xml:122:13
activity#com.movilhuejutla.ActivityPronostico
ADDED from AndroidManifest.xml:127:9
	android:screenOrientation
		ADDED from AndroidManifest.xml:130:13
	android:parentActivityName
		ADDED from AndroidManifest.xml:129:13
	android:theme
		ADDED from AndroidManifest.xml:131:13
	android:name
		ADDED from AndroidManifest.xml:128:13
activity#com.movilhuejutla.ActivityPush
ADDED from AndroidManifest.xml:133:9
	android:screenOrientation
		ADDED from AndroidManifest.xml:136:13
	android:parentActivityName
		ADDED from AndroidManifest.xml:135:13
	android:theme
		ADDED from AndroidManifest.xml:137:13
	android:name
		ADDED from AndroidManifest.xml:134:13
activity#com.movilhuejutla.keofertas.Login
ADDED from AndroidManifest.xml:142:9
	android:screenOrientation
		ADDED from AndroidManifest.xml:144:13
	android:theme
		ADDED from AndroidManifest.xml:145:13
	android:name
		ADDED from AndroidManifest.xml:143:13
intent-filter#android.intent.action.MAIN+android.intent.category.LAUNCHER
ADDED from AndroidManifest.xml:146:13
action#android.intent.action.MAIN
ADDED from AndroidManifest.xml:147:17
	android:name
		ADDED from AndroidManifest.xml:147:25
category#android.intent.category.LAUNCHER
ADDED from AndroidManifest.xml:149:17
	android:name
		ADDED from AndroidManifest.xml:149:27
activity#com.movilhuejutla.keofertas.Registro
ADDED from AndroidManifest.xml:152:9
	android:label
		ADDED from AndroidManifest.xml:154:13
	android:parentActivityName
		ADDED from AndroidManifest.xml:155:13
	android:theme
		ADDED from AndroidManifest.xml:156:13
	android:name
		ADDED from AndroidManifest.xml:153:13
meta-data#android.support.PARENT_ACTIVITY
ADDED from AndroidManifest.xml:159:13
	android:value
		ADDED from AndroidManifest.xml:161:17
	android:name
		ADDED from AndroidManifest.xml:160:17
activity#com.movilhuejutla.keofertas.RecuperarCredenciales
ADDED from AndroidManifest.xml:163:9
	android:label
		ADDED from AndroidManifest.xml:165:13
	android:parentActivityName
		ADDED from AndroidManifest.xml:166:13
	android:theme
		ADDED from AndroidManifest.xml:167:13
	android:name
		ADDED from AndroidManifest.xml:164:13
activity#com.movilhuejutla.keofertas.Inicio
ADDED from AndroidManifest.xml:174:9
	android:label
		ADDED from AndroidManifest.xml:176:13
	android:parentActivityName
		ADDED from AndroidManifest.xml:177:13
	android:theme
		ADDED from AndroidManifest.xml:178:13
	android:name
		ADDED from AndroidManifest.xml:175:13
activity#com.movilhuejutla.keofertas.NuevoAnuncio
ADDED from AndroidManifest.xml:185:9
	android:label
		ADDED from AndroidManifest.xml:187:13
	android:parentActivityName
		ADDED from AndroidManifest.xml:188:13
	android:theme
		ADDED from AndroidManifest.xml:189:13
	android:name
		ADDED from AndroidManifest.xml:186:13
meta-data#com.google.android.maps.v2.API_KEY
ADDED from AndroidManifest.xml:201:9
	android:value
		ADDED from AndroidManifest.xml:203:13
	android:name
		ADDED from AndroidManifest.xml:202:13
meta-data#com.google.android.gms.version
ADDED from AndroidManifest.xml:204:9
MERGED from com.google.android.gms:play-services:6.5.87:21:9
	android:value
		ADDED from AndroidManifest.xml:206:13
	android:name
		ADDED from AndroidManifest.xml:205:13
receiver#com.movilhuejutla.ReceiverUpdates
ADDED from AndroidManifest.xml:210:9
	android:name
		ADDED from AndroidManifest.xml:210:19
intent-filter#android.net.conn.CONNECTIVITY_CHANGE
ADDED from AndroidManifest.xml:211:13
action#android.net.conn.CONNECTIVITY_CHANGE
ADDED from AndroidManifest.xml:212:17
	android:name
		ADDED from AndroidManifest.xml:212:25
service#com.movilhuejutla.IntentServiceUpdates
ADDED from AndroidManifest.xml:216:9
	android:name
		ADDED from AndroidManifest.xml:216:18
activity#android.support.v7.widget.TestActivity
ADDED from com.android.support:recyclerview-v7:21.0.0:18:9
	android:label
		ADDED from com.android.support:recyclerview-v7:21.0.0:18:19
	android:name
		ADDED from com.android.support:recyclerview-v7:21.0.0:18:60
activity#com.nhaarman.listviewanimations.itemmanipulation.swipedismiss.SwipeTouchListenerTestActivity
ADDED from MovilHuejutla:lib-manipulation:unspecified:25:9
MERGED from MovilHuejutla:lib-manipulation:unspecified:25:9
	android:name
		ADDED from MovilHuejutla:lib-manipulation:unspecified:25:19
activity#com.nhaarman.listviewanimations.itemmanipulation.dragdrop.DynamicListViewTestActivity
ADDED from MovilHuejutla:lib-manipulation:unspecified:26:9
MERGED from MovilHuejutla:lib-manipulation:unspecified:26:9
	android:name
		ADDED from MovilHuejutla:lib-manipulation:unspecified:26:19